2021-03-31 21:07:46,061 INFO o.a.j.u.JMeterUtils: Setting Locale to en_EN
2021-03-31 21:07:46,083 INFO o.a.j.JMeter: Loading user properties from: user.properties
2021-03-31 21:07:46,084 INFO o.a.j.JMeter: Loading system properties from: system.properties
2021-03-31 21:07:46,092 INFO o.a.j.JMeter: Copyright (c) 1998-2021 The Apache Software Foundation
2021-03-31 21:07:46,092 INFO o.a.j.JMeter: Version 5.4.1
2021-03-31 21:07:46,092 INFO o.a.j.JMeter: java.version=11.0.8
2021-03-31 21:07:46,092 INFO o.a.j.JMeter: java.vm.name=Java HotSpot(TM) 64-Bit Server VM
2021-03-31 21:07:46,092 INFO o.a.j.JMeter: os.name=Windows 10
2021-03-31 21:07:46,092 INFO o.a.j.JMeter: os.arch=amd64
2021-03-31 21:07:46,092 INFO o.a.j.JMeter: os.version=10.0
2021-03-31 21:07:46,092 INFO o.a.j.JMeter: file.encoding=Cp1252
2021-03-31 21:07:46,092 INFO o.a.j.JMeter: java.awt.headless=null
2021-03-31 21:07:46,093 INFO o.a.j.JMeter: Max memory     =1073741824
2021-03-31 21:07:46,093 INFO o.a.j.JMeter: Available Processors =8
2021-03-31 21:07:46,102 INFO o.a.j.JMeter: Default Locale=English (EN)
2021-03-31 21:07:46,103 INFO o.a.j.JMeter: JMeter  Locale=English (EN)
2021-03-31 21:07:46,103 INFO o.a.j.JMeter: JMeterHome=F:\coding_projects\vscode\jmeter_report_gen\jmeter-app
2021-03-31 21:07:46,103 INFO o.a.j.JMeter: user.dir  =F:\coding_projects\vscode\jmeter_report_gen\jmeter-app\bin
2021-03-31 21:07:46,103 INFO o.a.j.JMeter: PWD       =F:\coding_projects\vscode\jmeter_report_gen\jmeter-app\bin
2021-03-31 21:07:46,104 INFO o.a.j.JMeter: IP: 172.20.10.2 Name: LAPTOP-FV16Q6HP FullName: LAPTOP-FV16Q6HP
2021-03-31 21:07:46,396 INFO o.a.j.JMeter: Setting LAF to: laf:javax.swing.plaf.nimbus.NimbusLookAndFeel
2021-03-31 21:07:47,205 INFO o.a.j.JMeter: Loaded icon properties from org/apache/jmeter/images/icon.properties
2021-03-31 21:07:54,901 INFO o.j.r.JARSourceHTTP: Requesting https://jmeter-plugins.org/repo/?installID=windows_10-733fb95add4ee8ec9f6a9808260597f8-gui
2021-03-31 21:07:57,012 WARN o.a.j.g.ObjectTableModel: Header count=13 but classes count=11
2021-03-31 21:07:57,013 WARN o.a.j.g.ObjectTableModel: Header count=13 but writeFunctor count=11
2021-03-31 21:08:00,075 INFO o.j.r.PluginManager: Plugins Status: [jpgc-graphs-basic=2.0, jpgc-cmd=2.2, jpgc-functions=2.1, jpgc-casutg=2.9, jpgc-dummy=0.4, jpgc-filterresults=2.2, jpgc-ffw=2.0, jpgc-httpraw=0.1, jpgc-fifo=0.2, jpgc-perfmon=2.1, jpgc-plugins-manager=1.6, jpgc-synthesis=2.2, jpgc-tst=2.5, jmeter-core=5.4.1, jmeter-ftp=5.4.1, jmeter-http=5.4.1, jmeter-jdbc=5.4.1, jmeter-jms=5.4.1, jmeter-junit=5.4.1, jmeter-java=5.4.1, jmeter-ldap=5.4.1, jmeter-mail=5.4.1, jmeter-mongodb=5.4.1, jmeter-native=5.4.1, jmeter-tcp=5.4.1, jmeter-components=5.4.1, jpgc-standard=2.0]
2021-03-31 21:09:46,115 INFO o.a.j.e.u.CompoundVariable: Note: Function class names must contain the string: '.functions.'
2021-03-31 21:09:46,116 INFO o.a.j.e.u.CompoundVariable: Note: Function class names must not contain the string: '.gui.'
2021-03-31 21:10:22,269 INFO o.a.j.p.h.s.HTTPSamplerBase: Parser for text/html is org.apache.jmeter.protocol.http.parser.LagartoBasedHtmlParser
2021-03-31 21:10:22,270 INFO o.a.j.p.h.s.HTTPSamplerBase: Parser for application/xhtml+xml is org.apache.jmeter.protocol.http.parser.LagartoBasedHtmlParser
2021-03-31 21:10:22,270 INFO o.a.j.p.h.s.HTTPSamplerBase: Parser for application/xml is org.apache.jmeter.protocol.http.parser.LagartoBasedHtmlParser
2021-03-31 21:10:22,270 INFO o.a.j.p.h.s.HTTPSamplerBase: Parser for text/xml is org.apache.jmeter.protocol.http.parser.LagartoBasedHtmlParser
2021-03-31 21:10:22,270 INFO o.a.j.p.h.s.HTTPSamplerBase: Parser for text/vnd.wap.wml is org.apache.jmeter.protocol.http.parser.RegexpHTMLParser
2021-03-31 21:10:22,270 INFO o.a.j.p.h.s.HTTPSamplerBase: Parser for text/css is org.apache.jmeter.protocol.http.parser.CssParser
2021-03-31 21:10:38,111 INFO o.a.j.s.SampleResult: Note: Sample TimeStamps are START times
2021-03-31 21:10:38,112 INFO o.a.j.s.SampleResult: sampleresult.default.encoding is set to ISO-8859-1
2021-03-31 21:10:38,112 INFO o.a.j.s.SampleResult: sampleresult.useNanoTime=true
2021-03-31 21:10:38,112 INFO o.a.j.s.SampleResult: sampleresult.nanoThreadSleep=5000
2021-03-31 21:10:38,620 INFO o.a.j.v.ViewResultsFullVisualizer: Add JavaFX to your Java installation if you want to use renderer: org.apache.jmeter.visualizers.RenderInBrowser
2021-03-31 21:11:00,634 INFO o.a.j.s.FileServer: Default base='F:\coding_projects\vscode\jmeter_report_gen\jmeter-app\bin'
2021-03-31 21:11:00,639 INFO o.a.j.s.FileServer: Set new base='F:\coding_projects\vscode\jmeter_report_gen\jmx'
2021-03-31 21:11:00,872 INFO o.a.j.s.SaveService: Testplan (JMX) version: 2.2. Testlog (JTL) version: 2.2
2021-03-31 21:11:00,884 INFO o.a.j.s.SaveService: Using SaveService properties version 5.0
2021-03-31 21:11:00,887 INFO o.a.j.s.SaveService: Using SaveService properties file encoding UTF-8
2021-03-31 21:11:00,917 INFO o.a.j.e.StandardJMeterEngine: Running the test!
2021-03-31 21:11:00,919 INFO o.a.j.s.SampleEvent: List of sample_variables: []
2021-03-31 21:11:00,919 INFO o.a.j.s.SampleEvent: List of sample_variables: []
2021-03-31 21:11:00,923 INFO o.a.j.g.u.JMeterMenuBar: setRunning(true, *local*)
2021-03-31 21:11:01,012 INFO o.a.j.e.StandardJMeterEngine: Starting ThreadGroup: 1 : Users
2021-03-31 21:11:01,012 INFO o.a.j.e.StandardJMeterEngine: Starting 5 threads for group Users.
2021-03-31 21:11:01,012 INFO o.a.j.e.StandardJMeterEngine: Thread will continue on error
2021-03-31 21:11:01,013 INFO o.a.j.t.ThreadGroup: Starting thread group... number=1 threads=5 ramp-up=5 delayedStart=false
2021-03-31 21:11:01,018 INFO o.a.j.t.ThreadGroup: Started thread group number 1
2021-03-31 21:11:01,019 INFO o.a.j.e.StandardJMeterEngine: All thread groups have been started
2021-03-31 21:11:01,019 INFO o.a.j.t.JMeterThread: Thread started: Users 1-1
2021-03-31 21:11:01,030 INFO o.a.j.p.h.s.HTTPHCAbstractImpl: Local host = LAPTOP-FV16Q6HP
2021-03-31 21:11:01,035 INFO o.a.j.p.h.s.HTTPHC4Impl: HTTP request retry count = 0
2021-03-31 21:11:01,601 INFO o.a.j.p.h.s.h.LazyLayeredConnectionSocketFactory: Setting up HTTPS TrustAll Socket Factory
2021-03-31 21:11:01,603 INFO o.a.j.u.JsseSSLManager: Using default SSL protocol: TLS
2021-03-31 21:11:01,603 INFO o.a.j.u.JsseSSLManager: SSL session context: per-thread
2021-03-31 21:11:02,016 INFO o.a.j.t.JMeterThread: Thread started: Users 1-2
2021-03-31 21:11:02,145 INFO o.a.j.u.SSLManager: JmeterKeyStore Location:  type JKS
2021-03-31 21:11:02,149 INFO o.a.j.u.SSLManager: KeyStore created OK
2021-03-31 21:11:02,150 WARN o.a.j.u.SSLManager: Keystore file not found, loading empty keystore
2021-03-31 21:11:03,016 INFO o.a.j.t.JMeterThread: Thread started: Users 1-3
2021-03-31 21:11:03,980 INFO o.a.j.t.JMeterThread: Thread is done: Users 1-1
2021-03-31 21:11:03,981 INFO o.a.j.t.JMeterThread: Thread finished: Users 1-1
2021-03-31 21:11:03,989 INFO o.a.j.t.JMeterThread: Thread is done: Users 1-2
2021-03-31 21:11:03,989 INFO o.a.j.t.JMeterThread: Thread finished: Users 1-2
2021-03-31 21:11:04,016 INFO o.a.j.t.JMeterThread: Thread started: Users 1-4
2021-03-31 21:11:04,718 INFO o.a.j.t.JMeterThread: Thread is done: Users 1-3
2021-03-31 21:11:04,719 INFO o.a.j.t.JMeterThread: Thread finished: Users 1-3
2021-03-31 21:11:05,016 INFO o.a.j.t.JMeterThread: Thread started: Users 1-5
2021-03-31 21:11:05,666 INFO o.a.j.t.JMeterThread: Thread is done: Users 1-4
2021-03-31 21:11:05,667 INFO o.a.j.t.JMeterThread: Thread finished: Users 1-4
2021-03-31 21:11:06,749 INFO o.a.j.t.JMeterThread: Thread is done: Users 1-5
2021-03-31 21:11:06,749 INFO o.a.j.t.JMeterThread: Thread finished: Users 1-5
2021-03-31 21:11:06,749 INFO o.a.j.e.StandardJMeterEngine: Notifying test listeners of end of test
2021-03-31 21:11:06,750 INFO o.a.j.g.u.JMeterMenuBar: setRunning(false, *local*)
2021-03-31 21:11:13,772 INFO o.a.j.e.StandardJMeterEngine: Running the test!
2021-03-31 21:11:13,773 INFO o.a.j.s.SampleEvent: List of sample_variables: []
2021-03-31 21:11:13,774 INFO o.a.j.g.u.JMeterMenuBar: setRunning(true, *local*)
2021-03-31 21:11:13,834 INFO o.a.j.e.StandardJMeterEngine: Starting ThreadGroup: 1 : Users
2021-03-31 21:11:13,835 INFO o.a.j.e.StandardJMeterEngine: Starting 1 threads for group Users.
2021-03-31 21:11:13,835 INFO o.a.j.e.StandardJMeterEngine: Thread will continue on error
2021-03-31 21:11:13,835 INFO o.a.j.t.ThreadGroup: Starting thread group... number=1 threads=1 ramp-up=1 delayedStart=false
2021-03-31 21:11:13,836 INFO o.a.j.t.ThreadGroup: Started thread group number 1
2021-03-31 21:11:13,836 INFO o.a.j.e.StandardJMeterEngine: All thread groups have been started
2021-03-31 21:11:13,842 INFO o.a.j.t.JMeterThread: Thread started: Users 1-1
2021-03-31 21:11:15,398 INFO o.a.j.t.JMeterThread: Thread is done: Users 1-1
2021-03-31 21:11:15,399 INFO o.a.j.t.JMeterThread: Thread finished: Users 1-1
2021-03-31 21:11:15,399 INFO o.a.j.e.StandardJMeterEngine: Notifying test listeners of end of test
2021-03-31 21:11:15,400 INFO o.a.j.g.u.JMeterMenuBar: setRunning(false, *local*)
2021-03-31 21:11:20,268 INFO o.a.j.v.ViewResultsFullVisualizer: Add JavaFX to your Java installation if you want to use renderer: org.apache.jmeter.visualizers.RenderInBrowser
